<?xml version="1.0" encoding="UTF-8"?>
<!-- Generated by org.testng.reporters.JUnitReportReporter -->
<testsuite hostname="LAPTOP-S0J4DV0N" failures="0" tests="2" name="prac.mda.runnners_BDD.CucumberTestNGRunner" time="31.442" errors="0" timestamp="2021-11-24T15:18:47 IST" skipped="0">
  <testcase classname="prac.mda.runnners_BDD.CucumberTestNGRunner" name="runScenario" time="15.667"/>
  <system-out/>
  <testcase classname="prac.mda.runnners_BDD.CucumberTestNGRunner" name="runScenario" time="15.775"/>
  <system-out/>
</testsuite> <!-- prac.mda.runnners_BDD.CucumberTestNGRunner -->
