<?xml version="1.0" encoding="UTF-8"?>
<!-- Generated by org.testng.reporters.JUnitReportReporter -->
<testsuite skipped="0" hostname="LAPTOP-OOBODLRB" name="prac.mda.runnners_BDD.CucumberTestNGRunner" tests="2" failures="0" timestamp="2024-07-14T17:43:05 IST" time="70.860" errors="0">
  <testcase name="runScenario" time="50.939" classname="prac.mda.runnners_BDD.CucumberTestNGRunner"/>
  <system-out/>
  <testcase name="runScenario" time="19.921" classname="prac.mda.runnners_BDD.CucumberTestNGRunner"/>
  <system-out/>
</testsuite> <!-- prac.mda.runnners_BDD.CucumberTestNGRunner -->
