<?xml version="1.0" encoding="UTF-8"?>
<!-- Generated by org.testng.reporters.JUnitReportReporter -->
<testsuite skipped="0" hostname="LAPTOP-OOBODLRB" name="prac.mda.runnners_BDD.ParallelRunner" tests="2" failures="2" timestamp="2022-07-03T21:27:41 IST" time="122.947" errors="0">
  <testcase name="runScenario" time="61.474" classname="prac.mda.runnners_BDD.ParallelRunner">
    <failure type="java.lang.AssertionError" message="expected [Jobs - Recruitment - Job Search - Employment -Job Vacancies - Naukri.com] but found [Jobs - Recruitment - Job Search - Employment - Job Vacancies - Naukri.com]">
      <![CDATA[java.lang.AssertionError: expected [Jobs - Recruitment - Job Search - Employment -Job Vacancies - Naukri.com] but found [Jobs - Recruitment - Job Search - Employment - Job Vacancies - Naukri.com]
at org.testng.Assert.fail(Assert.java:99)
at org.testng.Assert.failNotEquals(Assert.java:1037)
at org.testng.Assert.assertEqualsImpl(Assert.java:140)
at org.testng.Assert.assertEquals(Assert.java:122)
at org.testng.Assert.assertEquals(Assert.java:629)
at org.testng.Assert.assertEquals(Assert.java:639)
at prac.mda.stepDefinitions.LoginStep.user_validates_the_homepage_title(LoginStep.java:38)
at ✽.user validates the Homepage title: "Jobs - Recruitment - Job Search - Employment -Job Vacancies - Naukri.com"(file:///D:/Mayuresh/Learning/Programming/Java/Workspace/CucumberBDDFramework/src/test/resources/prac/mda/features/login.feature:51)
]]>
    </failure>
  </testcase> <!-- runScenario -->
  <system-out/>
  <testcase name="runScenario" time="61.473" classname="prac.mda.runnners_BDD.ParallelRunner">
    <failure type="java.lang.AssertionError" message="expected [Jobs - Recruitment - Job Search - Employment -Job Vacancies - Naukri.com] but found [Jobs - Recruitment - Job Search - Employment - Job Vacancies - Naukri.com]">
      <![CDATA[java.lang.AssertionError: expected [Jobs - Recruitment - Job Search - Employment -Job Vacancies - Naukri.com] but found [Jobs - Recruitment - Job Search - Employment - Job Vacancies - Naukri.com]
at org.testng.Assert.fail(Assert.java:99)
at org.testng.Assert.failNotEquals(Assert.java:1037)
at org.testng.Assert.assertEqualsImpl(Assert.java:140)
at org.testng.Assert.assertEquals(Assert.java:122)
at org.testng.Assert.assertEquals(Assert.java:629)
at org.testng.Assert.assertEquals(Assert.java:639)
at prac.mda.stepDefinitions.LoginStep.user_validates_the_homepage_title(LoginStep.java:38)
at ✽.user validates the Homepage title: "Jobs - Recruitment - Job Search - Employment -Job Vacancies - Naukri.com"(file:///D:/Mayuresh/Learning/Programming/Java/Workspace/CucumberBDDFramework/src/test/resources/prac/mda/features/login.feature:51)
]]>
    </failure>
  </testcase> <!-- runScenario -->
  <system-out/>
</testsuite> <!-- prac.mda.runnners_BDD.ParallelRunner -->
